[14:44:40] [Client thread/INFO]: Setting user: Player978
[14:44:44] [Client thread/INFO]: LWJGL Version: 2.9.1
[14:44:58] [Client thread/INFO]: Reloading ResourceManager: Default, FMLFileResourcePack:Forge Mod Loader, FMLFileResourcePack:Minecraft Forge, FMLFileResourcePack:Fantasy mod, FMLFileResourcePack:Fantasy mod - marmid extension, FMLFileResourcePack:Fantasy mod - Winx (fiary) extension
[14:44:59] [Sound Library Loader/INFO]: Starting up SoundSystem...
[14:44:59] [Thread-9/INFO]: Initializing LWJGL OpenAL
[14:44:59] [Thread-9/INFO]: (The LWJGL binding of OpenAL.  For more information, see http://www.lwjgl.org)
[14:45:00] [Thread-9/INFO]: OpenAL initialized.
[14:45:00] [Sound Library Loader/INFO]: Sound engine started
[14:45:03] [Client thread/INFO]: Created: 16x16 textures-atlas
[14:45:05] [Client thread/INFO]: Reloading ResourceManager: Default, FMLFileResourcePack:Forge Mod Loader, FMLFileResourcePack:Minecraft Forge, FMLFileResourcePack:Fantasy mod, FMLFileResourcePack:Fantasy mod - marmid extension, FMLFileResourcePack:Fantasy mod - Winx (fiary) extension
[14:45:05] [Client thread/INFO]: SoundSystem shutting down...
[14:45:06] [Client thread/WARN]: Author: Paul Lamb, www.paulscode.com
[14:45:06] [Sound Library Loader/INFO]: Starting up SoundSystem...
[14:45:06] [Thread-11/INFO]: Initializing LWJGL OpenAL
[14:45:06] [Thread-11/INFO]: (The LWJGL binding of OpenAL.  For more information, see http://www.lwjgl.org)
[14:45:06] [Thread-11/INFO]: OpenAL initialized.
[14:45:06] [Sound Library Loader/INFO]: Sound engine started
[14:45:09] [Client thread/INFO]: Created: 512x512 textures-atlas
[14:45:22] [Server thread/INFO]: Starting integrated minecraft server version 1.8
[14:45:22] [Server thread/INFO]: Generating keypair
[14:45:23] [Server thread/INFO]: Preparing start region for level 0
[14:45:24] [Server thread/INFO]: Preparing spawn area: 96%
[14:45:24] [Server thread/INFO]: Changing view distance to 12, from 10
[14:45:27] [Server thread/INFO]: Player978[local:E:ebc8f78d] logged in with entity id 87 at (336.69999998807907, 5.0, -676.9535084166995)
[14:45:27] [Server thread/INFO]: Player978 joined the game
[14:45:29] [Server thread/INFO]: Player978 has just earned the achievement [Taking Inventory]
[14:45:29] [Client thread/INFO]: [CHAT] Player978 has just earned the achievement [Taking Inventory]
[14:45:36] [Server thread/INFO]: Saving and pausing game...
[14:45:36] [Server thread/INFO]: Saving chunks for level 'New World'/Overworld
[14:45:36] [Server thread/INFO]: Saving chunks for level 'New World'/Nether
[14:45:36] [Server thread/INFO]: Saving chunks for level 'New World'/The End
[14:45:37] [Server thread/INFO]: Saving and pausing game...
[14:45:37] [Server thread/INFO]: Saving chunks for level 'New World'/Overworld
[14:45:37] [Server thread/INFO]: Saving chunks for level 'New World'/Nether
[14:45:37] [Server thread/INFO]: Saving chunks for level 'New World'/The End
[14:45:45] [Client thread/INFO]: [CHAT] minecraft:ghast_tear, minecraft:book, minecraft:record_ward, minecraft:leather, minecraft:jungle_door, minecraft:cobblestone, minecraft:ender_chest, minecraft:nether_brick, minecraft:snow_layer, minecraft:spawn_egg, minecraft:iron_chestplate, minecraft:chainmail_chestplate, minecraft:tnt, minecraft:sand, minecraft:diamond_pickaxe, minecraft:record_11, minecraft:snow, minecraft:birch_fence_gate, minecraft:fermented_spider_eye, minecraft:cooked_chicken, minecraft:minecart, minecraft:hardened_clay, minecraft:bucket, minecraft:emerald, minecraft:leather_boots, minecraft:cobblestone_wall, minecraft:stained_glass, minecraft:stone_button, minecraft:iron_ingot, minecraft:stone_slab, minecraft:stained_glass_pane, minecraft:clay, minecraft:rabbit, minecraft:activator_rail, minecraft:glass_bottle, minecraft:quartz_block, minecraft:redstone_lamp, minecraft:record_cat, minecraft:brown_mushroom_block, minecraft:clay_ball, minecraft:leather_helmet, minecraft:tallgrass, minecraft:record_far, minecraft:repeater, fantasy:Magic_Powder, minecraft:ice, minecraft:nether_star, minecraft:brick_block, minecraft:dispenser, minecraft:record_wait, minecraft:flower_pot, minecraft:emerald_block, minecraft:golden_carrot, minecraft:red_flower, minecraft:beef, minecraft:firework_charge, minecraft:sugar, minecraft:stone, minecraft:soul_sand, minecraft:fireworks, minecraft:glass_pane, minecraft:mycelium, minecraft:bookshelf, minecraft:chicken, minecraft:light_weighted_pressure_plate, minecraft:diamond_leggings, minecraft:iron_door, minecraft:golden_horse_armor, minecraft:stained_hardened_clay, minecraft:quartz, minecraft:bedrock, minecraft:baked_potato, minecraft:brick, minecraft:diamond_boots, minecraft:ender_eye, minecraft:iron_boots, minecraft:writable_book, minecraft:cooked_fish, minecraft:fence_gate, minecraft:gold_ore, minecraft:flint, minecraft:iron_horse_armor, minecraft:rail, minecraft:diamond_shovel, minecraft:hay_block, minecraft:comparator, minecraft:hopper, minecraft:torch, minecraft:diamond_hoe, minecraft:lit_furnace, minecraft:farmland, minecraft:banner, minecraft:command_block_minecart, minecraft:mutton, minecraft:carrot, minecraft:slime, minecraft:string, minecraft:wooden_axe, minecraft:netherbrick, minecraft:enchanting_table, minecraft:gold_ingot, minecraft:dropper, minecraft:potato, minecraft:melon_seeds, minecraft:coal, minecraft:nether_wart, minecraft:painting, minecraft:bread, minecraft:dark_oak_door, minecraft:fishing_rod, minecraft:chest_minecart, minecraft:blaze_powder, minecraft:chainmail_boots, minecraft:pumpkin_pie, minecraft:prismarine, minecraft:rotten_flesh, minecraft:enchanted_book, minecraft:cake, minecraft:iron_bars, minecraft:lapis_block, minecraft:cookie, minecraft:cooked_mutton, minecraft:cactus, minecraft:wool, minecraft:spruce_door, minecraft:rabbit_foot, minecraft:command_block, minecraft:end_stone, minecraft:golden_boots, minecraft:sapling, minecraft:compass, minecraft:cooked_rabbit, minecraft:log, minecraft:record_13, minecraft:leather_chestplate, minecraft:milk_bucket, minecraft:record_stal, minecraft:saddle, minecraft:lava_bucket, minecraft:water_bucket, minecraft:log2, minecraft:quartz_stairs, minecraft:stonebrick, minecraft:potion, minecraft:red_mushroom, minecraft:redstone, minecraft:diamond_block, minecraft:iron_block, minecraft:golden_leggings, minecraft:jungle_stairs, minecraft:item_frame, minecraft:diamond_ore, minecraft:reeds, minecraft:jungle_fence_gate, minecraft:acacia_fence_gate, minecraft:experience_bottle, minecraft:coal_ore, minecraft:wooden_shovel, minecraft:spruce_stairs, minecraft:waterlily, minecraft:piston, minecraft:bow, minecraft:quartz_ore, minecraft:iron_hoe, minecraft:vine, minecraft:diamond_helmet, minecraft:furnace, minecraft:snowball, minecraft:daylight_detector, minecraft:stone_pressure_plate, minecraft:gravel, minecraft:acacia_door, minecraft:lit_pumpkin, minecraft:barrier, minecraft:tnt_minecart, minecraft:spruce_fence_gate, minecraft:jungle_fence, minecraft:wooden_pressure_plate, minecraft:rabbit_stew, minecraft:map, minecraft:filled_map, minecraft:fish, minecraft:golden_chestplate, minecraft:cooked_porkchop, minecraft:bowl, minecraft:detector_rail, minecraft:stone_slab2, minecraft:netherrack, minecraft:wooden_sword, minecraft:gunpowder, minecraft:brown_mushroom, minecraft:redstone_torch, minecraft:spider_eye, minecraft:golden_shovel, minecraft:sandstone_stairs, fantasy:BlueGlostoneDust, minecraft:red_sandstone, minecraft:beacon, minecraft:diamond_axe, minecraft:stone_pickaxe, minecraft:grass, minecraft:glowstone, minecraft:deadbush, minecraft:brick_stairs, minecraft:arrow, minecraft:red_mushroom_block, minecraft:golden_rail, minecraft:anvil, minecraft:iron_leggings, minecraft:acacia_fence, minecraft:jukebox, minecraft:spruce_fence, fantasy:BlueGlowstone, minecraft:birch_door, minecraft:gold_nugget, minecraft:acacia_stairs, minecraft:record_blocks, minecraft:melon, minecraft:obsidian, minecraft:iron_shovel, minecraft:coal_block, minecraft:armor_stand, minecraft:gold_block, minecraft:feather, minecraft:monster_egg, minecraft:record_mellohi, minecraft:mob_spawner, minecraft:magma_cream, minecraft:boat, minecraft:wooden_slab, minecraft:iron_ore, minecraft:dark_oak_fence_gate, minecraft:ender_pearl, minecraft:stone_brick_stairs, minecraft:redstone_block, minecraft:wooden_door, minecraft:oak_stairs, minecraft:yellow_flower, minecraft:rabbit_hide, minecraft:heavy_weighted_pressure_plate, minecraft:written_book, minecraft:apple, minecraft:speckled_melon, minecraft:brewing_stand, minecraft:mossy_cobblestone, minecraft:sticky_piston, minecraft:record_strad, minecraft:nether_brick_stairs, minecraft:leaves2, minecraft:end_portal_frame, minecraft:trapdoor, minecraft:pumpkin_seeds, minecraft:red_sandstone_stairs, minecraft:diamond_horse_armor, minecraft:leaves, minecraft:sea_lantern, minecraft:chainmail_helmet, minecraft:diamond, minecraft:prismarine_shard, minecraft:golden_apple, minecraft:carrot_on_a_stick, minecraft:shears, minecraft:carpet, minecraft:skull, minecraft:stone_shovel, minecraft:dirt, minecraft:emerald_ore, minecraft:planks, minecraft:trapped_chest, minecraft:egg, minecraft:record_mall, minecraft:cooked_beef, minecraft:leather_leggings, minecraft:golden_pickaxe, minecraft:diamond_sword, minecraft:iron_sword, minecraft:sponge, minecraft:iron_axe, minecraft:dark_oak_stairs, minecraft:crafting_table, minecraft:clock, minecraft:nether_brick_fence, minecraft:iron_pickaxe, minecraft:blaze_rod, minecraft:golden_helmet, minecraft:birch_stairs, minecraft:sandstone, minecraft:dragon_egg, minecraft:furnace_minecart, minecraft:cauldron, minecraft:ladder, minecraft:fire_charge, minecraft:lead, minecraft:golden_hoe, minecraft:stone_hoe, minecraft:noteblock, minecraft:stone_sword, minecraft:bed, minecraft:packed_ice, minecraft:mushroom_stew, minecraft:dye, minecraft:glowstone_dust, minecraft:lapis_ore, minecraft:iron_trapdoor, minecraft:chest, minecraft:iron_helmet, minecraft:stick, minecraft:chainmail_leggings, minecraft:poisonous_potato, minecraft:bone, minecraft:birch_fence, minecraft:hopper_minecart, minecraft:diamond_chestplate, minecraft:flint_and_steel, minecraft:wooden_hoe, minecraft:slime_ball, minecraft:wheat, minecraft:sign, minecraft:melon_block, minecraft:prismarine_crystals, minecraft:wooden_button, minecraft:lever, minecraft:paper, minecraft:redstone_ore, minecraft:record_chirp, minecraft:stone_stairs, minecraft:wooden_pickaxe, minecraft:double_plant, minecraft:pumpkin, minecraft:wheat_seeds, minecraft:porkchop, minecraft:glass, minecraft:fence, minecraft:dark_oak_fence, minecraft:tripwire_hook, minecraft:golden_axe, minecraft:web, minecraft:golden_sword, minecraft:stone_axe, minecraft:name_tag
[14:46:29] [Client thread/INFO]: [CHAT] There is no such item with name minecraft:fp
[14:46:36] [Client thread/INFO]: [CHAT] Usage: /give <player> <item> [amount] [data] [dataTag]
[14:46:38] [Server thread/INFO]: Saving and pausing game...
[14:46:38] [Server thread/INFO]: Saving chunks for level 'New World'/Overworld
[14:46:38] [Server thread/INFO]: Saving chunks for level 'New World'/Nether
[14:46:38] [Server thread/INFO]: Saving chunks for level 'New World'/The End
[14:46:41] [Server thread/INFO]: Stopping server
[14:46:41] [Server thread/INFO]: Saving players
[14:46:41] [Server thread/INFO]: Saving worlds
[14:46:41] [Server thread/INFO]: Saving chunks for level 'New World'/Overworld
[14:46:41] [Server thread/INFO]: Saving chunks for level 'New World'/Nether
[14:46:41] [Server thread/INFO]: Saving chunks for level 'New World'/The End
[14:47:36] [Client thread/INFO]: Setting user: Player112
[14:47:41] [Client thread/INFO]: LWJGL Version: 2.9.1
[14:48:02] [Client thread/INFO]: Reloading ResourceManager: Default, FMLFileResourcePack:Forge Mod Loader, FMLFileResourcePack:Minecraft Forge, FMLFileResourcePack:Fantasy mod, FMLFileResourcePack:Fantasy mod - marmid extension, FMLFileResourcePack:Fantasy mod - Winx (fiary) extension
[14:48:05] [Sound Library Loader/INFO]: Starting up SoundSystem...
[14:48:05] [Thread-8/INFO]: Initializing LWJGL OpenAL
[14:48:05] [Thread-8/INFO]: (The LWJGL binding of OpenAL.  For more information, see http://www.lwjgl.org)
[14:48:05] [Thread-8/INFO]: OpenAL initialized.
[14:48:05] [Sound Library Loader/INFO]: Sound engine started
[14:48:13] [Client thread/INFO]: Created: 16x16 textures-atlas
[14:48:16] [Client thread/INFO]: Reloading ResourceManager: Default, FMLFileResourcePack:Forge Mod Loader, FMLFileResourcePack:Minecraft Forge, FMLFileResourcePack:Fantasy mod, FMLFileResourcePack:Fantasy mod - marmid extension, FMLFileResourcePack:Fantasy mod - Winx (fiary) extension
[14:48:16] [Client thread/INFO]: SoundSystem shutting down...
[14:48:16] [Client thread/WARN]: Author: Paul Lamb, www.paulscode.com
[14:48:16] [Sound Library Loader/INFO]: Starting up SoundSystem...
[14:48:16] [Thread-10/INFO]: Initializing LWJGL OpenAL
[14:48:16] [Thread-10/INFO]: (The LWJGL binding of OpenAL.  For more information, see http://www.lwjgl.org)
[14:48:16] [Thread-10/INFO]: OpenAL initialized.
[14:48:17] [Sound Library Loader/INFO]: Sound engine started
[14:48:21] [Client thread/INFO]: Created: 512x512 textures-atlas
[14:48:34] [Server thread/INFO]: Starting integrated minecraft server version 1.8
[14:48:34] [Server thread/INFO]: Generating keypair
[14:48:35] [Server thread/INFO]: Preparing start region for level 0
[14:48:36] [Server thread/INFO]: Preparing spawn area: 42%
[14:48:37] [Server thread/INFO]: Changing view distance to 12, from 10
[14:48:40] [Server thread/INFO]: Player112[local:E:46d00222] logged in with entity id 86 at (336.69999998807907, 5.0, -676.9535084166995)
[14:48:40] [Server thread/INFO]: Player112 joined the game
[14:48:43] [Server thread/INFO]: Player112 has just earned the achievement [Taking Inventory]
[14:48:43] [Client thread/INFO]: [CHAT] Player112 has just earned the achievement [Taking Inventory]
[14:49:03] [Server thread/INFO]: Saving and pausing game...
[14:49:03] [Server thread/INFO]: Saving chunks for level 'New World'/Overworld
[14:49:03] [Server thread/INFO]: Saving chunks for level 'New World'/Nether
[14:49:03] [Server thread/INFO]: Saving chunks for level 'New World'/The End
[14:49:05] [Server thread/INFO]: Stopping server
[14:49:05] [Server thread/INFO]: Saving players
[14:49:05] [Server thread/INFO]: Saving worlds
[14:49:05] [Server thread/INFO]: Saving chunks for level 'New World'/Overworld
[14:49:05] [Server thread/INFO]: Saving chunks for level 'New World'/Nether
[14:49:05] [Server thread/INFO]: Saving chunks for level 'New World'/The End
[14:49:07] [Client thread/INFO]: Stopping!
[14:49:07] [Client thread/INFO]: SoundSystem shutting down...
[14:49:08] [Client thread/WARN]: Author: Paul Lamb, www.paulscode.com
[14:55:24] [Client thread/INFO]: Setting user: Player154
[14:55:29] [Client thread/INFO]: LWJGL Version: 2.9.1
[14:55:46] [Client thread/INFO]: Reloading ResourceManager: Default, FMLFileResourcePack:Forge Mod Loader, FMLFileResourcePack:Minecraft Forge, FMLFileResourcePack:Fantasy mod, FMLFileResourcePack:Fantasy mod - marmid extension, FMLFileResourcePack:Fantasy mod - Winx (fiary) extension
[14:55:47] [Sound Library Loader/INFO]: Starting up SoundSystem...
[14:55:47] [Thread-8/INFO]: Initializing LWJGL OpenAL
[14:55:47] [Thread-8/INFO]: (The LWJGL binding of OpenAL.  For more information, see http://www.lwjgl.org)
[14:55:47] [Thread-8/INFO]: OpenAL initialized.
[14:55:47] [Sound Library Loader/INFO]: Sound engine started
[14:55:56] [Client thread/INFO]: Created: 16x16 textures-atlas
[14:55:58] [Client thread/INFO]: Reloading ResourceManager: Default, FMLFileResourcePack:Forge Mod Loader, FMLFileResourcePack:Minecraft Forge, FMLFileResourcePack:Fantasy mod, FMLFileResourcePack:Fantasy mod - marmid extension, FMLFileResourcePack:Fantasy mod - Winx (fiary) extension
[14:55:58] [Client thread/INFO]: SoundSystem shutting down...
[14:55:58] [Client thread/WARN]: Author: Paul Lamb, www.paulscode.com
[14:55:58] [Sound Library Loader/INFO]: Starting up SoundSystem...
[14:55:59] [Thread-10/INFO]: Initializing LWJGL OpenAL
[14:55:59] [Thread-10/INFO]: (The LWJGL binding of OpenAL.  For more information, see http://www.lwjgl.org)
[14:55:59] [Thread-10/INFO]: OpenAL initialized.
[14:55:59] [Sound Library Loader/INFO]: Sound engine started
[14:56:03] [Client thread/INFO]: Created: 512x512 textures-atlas
[14:56:22] [Server thread/INFO]: Starting integrated minecraft server version 1.8
[14:56:22] [Server thread/INFO]: Generating keypair
[14:56:24] [Server thread/INFO]: Preparing start region for level 0
[14:56:25] [Server thread/INFO]: Preparing spawn area: 27%
[14:56:26] [Server thread/INFO]: Changing view distance to 12, from 10
[14:56:30] [Server thread/INFO]: Player154[local:E:ab4b4a5d] logged in with entity id 85 at (336.69999998807907, 5.0, -676.9535084166995)
[14:56:30] [Server thread/INFO]: Player154 joined the game
[14:56:33] [Server thread/INFO]: Player154 has just earned the achievement [Taking Inventory]
[14:56:33] [Client thread/INFO]: [CHAT] Player154 has just earned the achievement [Taking Inventory]
[14:56:43] [Server thread/INFO]: Saving and pausing game...
[14:56:44] [Server thread/INFO]: Saving chunks for level 'New World'/Overworld
[14:56:44] [Server thread/INFO]: Saving chunks for level 'New World'/Nether
[14:56:44] [Server thread/INFO]: Saving chunks for level 'New World'/The End
[14:56:45] [Server thread/INFO]: Stopping server
[14:56:45] [Server thread/INFO]: Saving players
[14:56:45] [Server thread/INFO]: Saving worlds
[14:56:45] [Server thread/INFO]: Saving chunks for level 'New World'/Overworld
[14:56:45] [Server thread/INFO]: Saving chunks for level 'New World'/Nether
[14:56:45] [Server thread/INFO]: Saving chunks for level 'New World'/The End
[14:56:47] [Client thread/INFO]: Stopping!
[14:56:47] [Client thread/INFO]: SoundSystem shutting down...
[14:56:47] [Client thread/WARN]: Author: Paul Lamb, www.paulscode.com
