[10:20:50] [Client thread/INFO]: Setting user: Player175
[10:20:54] [Client thread/INFO]: LWJGL Version: 2.9.1
[10:21:11] [Client thread/INFO]: Reloading ResourceManager: Default, FMLFileResourcePack:Forge Mod Loader, FMLFileResourcePack:Minecraft Forge, FMLFileResourcePack:Fantasy mod, FMLFileResourcePack:Fantasy mod - marmid extension, FMLFileResourcePack:Fantasy mod - Winx (fiary) extension
[10:21:12] [Sound Library Loader/INFO]: Starting up SoundSystem...
[10:21:12] [Thread-9/INFO]: Initializing LWJGL OpenAL
[10:21:12] [Thread-9/INFO]: (The LWJGL binding of OpenAL.  For more information, see http://www.lwjgl.org)
[10:21:12] [Thread-9/INFO]: OpenAL initialized.
[10:21:13] [Sound Library Loader/INFO]: Sound engine started
[10:21:18] [Client thread/INFO]: Created: 16x16 textures-atlas
[10:21:20] [Client thread/INFO]: Reloading ResourceManager: Default, FMLFileResourcePack:Forge Mod Loader, FMLFileResourcePack:Minecraft Forge, FMLFileResourcePack:Fantasy mod, FMLFileResourcePack:Fantasy mod - marmid extension, FMLFileResourcePack:Fantasy mod - Winx (fiary) extension
[10:21:20] [Client thread/INFO]: SoundSystem shutting down...
[10:21:20] [Client thread/WARN]: Author: Paul Lamb, www.paulscode.com
[10:21:20] [Sound Library Loader/INFO]: Starting up SoundSystem...
[10:21:21] [Thread-11/INFO]: Initializing LWJGL OpenAL
[10:21:21] [Thread-11/INFO]: (The LWJGL binding of OpenAL.  For more information, see http://www.lwjgl.org)
[10:21:21] [Thread-11/INFO]: OpenAL initialized.
[10:21:21] [Sound Library Loader/INFO]: Sound engine started
[10:21:25] [Client thread/INFO]: Created: 512x512 textures-atlas
[10:23:08] [Server thread/INFO]: Starting integrated minecraft server version 1.8
[10:23:08] [Server thread/INFO]: Generating keypair
[10:23:09] [Server thread/INFO]: Preparing start region for level 0
[10:23:10] [Server thread/INFO]: Preparing spawn area: 74%
[10:23:10] [Server thread/INFO]: Changing view distance to 12, from 10
[10:23:13] [Server thread/INFO]: Player175[local:E:f48c7a6b] logged in with entity id 85 at (336.69999998807907, 5.0, -676.9535084166995)
[10:23:13] [Server thread/INFO]: Player175 joined the game
[10:23:17] [Server thread/INFO]: Saving and pausing game...
[10:23:17] [Server thread/INFO]: Saving chunks for level 'New World'/Overworld
[10:23:17] [Server thread/INFO]: Saving chunks for level 'New World'/Nether
[10:23:17] [Server thread/INFO]: Saving chunks for level 'New World'/The End
[10:23:20] [Server thread/INFO]: Player175 has just earned the achievement [Taking Inventory]
[10:23:20] [Client thread/INFO]: [CHAT] Player175 has just earned the achievement [Taking Inventory]
[10:23:26] [Client thread/INFO]: Stopping!
[10:23:26] [Client thread/INFO]: SoundSystem shutting down...
[10:23:26] [Server thread/INFO]: Stopping server
[10:23:26] [Server thread/INFO]: Saving players
[10:23:26] [Server thread/INFO]: Saving worlds
[10:23:26] [Server thread/INFO]: Saving chunks for level 'New World'/Overworld
[10:23:26] [Server thread/INFO]: Saving chunks for level 'New World'/Nether
[10:23:26] [Server thread/INFO]: Saving chunks for level 'New World'/The End
[10:23:26] [Client thread/WARN]: Author: Paul Lamb, www.paulscode.com
[10:23:26] [Client Shutdown Thread/INFO]: Stopping server
[10:23:26] [Client Shutdown Thread/INFO]: Saving players
[10:23:26] [Client Shutdown Thread/INFO]: Saving worlds
[10:23:26] [Client Shutdown Thread/INFO]: Saving chunks for level 'New World'/Overworld
