[08:17:01] [Client thread/INFO]: Setting user: Player429
[08:17:08] [Client thread/INFO]: LWJGL Version: 2.9.1
[08:17:23] [Client thread/INFO]: Reloading ResourceManager: Default, FMLFileResourcePack:Forge Mod Loader, FMLFileResourcePack:Minecraft Forge, FMLFileResourcePack:Fantasy mod, FMLFileResourcePack:Fantasy mod - Winx (fiary) extension
[08:17:24] [Sound Library Loader/INFO]: Starting up SoundSystem...
[08:17:25] [Thread-9/INFO]: Initializing LWJGL OpenAL
[08:17:25] [Thread-9/INFO]: (The LWJGL binding of OpenAL.  For more information, see http://www.lwjgl.org)
[08:17:25] [Thread-9/INFO]: OpenAL initialized.
[08:17:25] [Sound Library Loader/INFO]: Sound engine started
[08:17:40] [Client thread/INFO]: Created: 16x16 textures-atlas
[08:17:43] [Client thread/INFO]: Reloading ResourceManager: Default, FMLFileResourcePack:Forge Mod Loader, FMLFileResourcePack:Minecraft Forge, FMLFileResourcePack:Fantasy mod, FMLFileResourcePack:Fantasy mod - Winx (fiary) extension
[08:17:43] [Client thread/INFO]: SoundSystem shutting down...
[08:17:43] [Client thread/WARN]: Author: Paul Lamb, www.paulscode.com
[08:17:43] [Sound Library Loader/INFO]: Starting up SoundSystem...
[08:17:44] [Thread-11/INFO]: Initializing LWJGL OpenAL
[08:17:44] [Thread-11/INFO]: (The LWJGL binding of OpenAL.  For more information, see http://www.lwjgl.org)
[08:17:44] [Thread-11/INFO]: OpenAL initialized.
[08:17:44] [Sound Library Loader/INFO]: Sound engine started
[08:17:49] [Client thread/INFO]: Created: 512x512 textures-atlas
[08:40:58] [Client thread/INFO]: Stopping!
[08:40:59] [Client thread/INFO]: SoundSystem shutting down...
[08:41:04] [Client thread/ERROR]: Error in class 'LibraryLWJGLOpenAL'
[08:41:04] [Client thread/ERROR]: Stream thread did not die!
[08:41:04] [Client thread/INFO]: Ignoring errors... continuing clean-up.
[08:41:06] [Client thread/WARN]: Author: Paul Lamb, www.paulscode.com
]: Starting up SoundSystem...
[08:37:37] [Thread-8/INFO]: Initializing LWJGL OpenAL
[08:37:37] [Thread-8/INFO]: (The LWJGL binding of OpenAL.  For more information, see http://www.lwjgl.org)
[08:37:40] [Thread-8/INFO]: OpenAL initialized.
[08:37:40] [Sound Library Loader/INFO]: Sound engine started
[08:39:43] [Client thread/INFO]: Created: 16x16 textures-atlas
[08:39:54] [Client thread/INFO]: Reloading ResourceManager: Default, FMLFileResourcePack:Forge Mod Loader, FMLFileResourcePack:Minecraft Forge, FMLFileResourcePack:Fantasy mod, FMLFileResourcePack:Fantasy mod - Winx (fiary) extension
[08:39:54] [Client thread/INFO]: SoundSystem shutting down...
[08:39:54] [Client thread/WARN]: Author: Paul Lamb, www.paulscode.com
[08:39:54] [Sound Library Loader/INFO]: Starting up SoundSystem...
[08:39:54] [Thread-10/INFO]: Initializing LWJGL OpenAL
[08:39:54] [Thread-10/INFO]: (The LWJGL binding of OpenAL.  For more information, see http://www.lwjgl.org)
[08:39:55] [Thread-10/INFO]: OpenAL initialized.
[08:39:55] [Sound Library Loader/INFO]: Sound engine started
[08:40:07] [Client thread/INFO]: Created: 512x512 textures-atlas
[08:41:00] [Client thread/INFO]: Stopping!
[08:41:00] [Client thread/INFO]: SoundSystem shutting down...
[08:41:00] [Client thread/WARN]: Author: Paul Lamb, www.paulscode.com
[08:41:08] [Client thread/INFO]: Setting user: Player182
[08:41:18] [Client thread/INFO]: LWJGL Version: 2.9.1
[08:41:33] [Client thread/INFO]: Reloading ResourceManager: Default, FMLFileResourcePack:Forge Mod Loader, FMLFileResourcePack:Minecraft Forge, FMLFileResourcePack:Fantasy mod, FMLFileResourcePack:Fantasy mod - Winx (fiary) extension
[08:41:35] [Sound Library Loader/INFO]: Starting up SoundSystem...
[08:41:35] [Thread-8/INFO]: Initializing LWJGL OpenAL
[08:41:35] [Thread-8/INFO]: (The LWJGL binding of OpenAL.  For more information, see http://www.lwjgl.org)
[08:41:35] [Thread-8/INFO]: OpenAL initialized.
[08:41:35] [Sound Library Loader/INFO]: Sound engine started
[08:41:42] [Client thread/INFO]: Created: 16x16 textures-atlas
[08:41:45] [Client thread/INFO]: Reloading ResourceManager: Default, FMLFileResourcePack:Forge Mod Loader, FMLFileResourcePack:Minecraft Forge, FMLFileResourcePack:Fantasy mod, FMLFileResourcePack:Fantasy mod - Winx (fiary) extension
[08:41:45] [Client thread/INFO]: SoundSystem shutting down...
[08:41:45] [Client thread/WARN]: Author: Paul Lamb, www.paulscode.com
[08:41:45] [Sound Library Loader/INFO]: Starting up SoundSystem...
[08:41:45] [Thread-10/INFO]: Initializing LWJGL OpenAL
[08:41:45] [Thread-10/INFO]: (The LWJGL binding of OpenAL.  For more information, see http://www.lwjgl.org)
[08:41:46] [Thread-10/INFO]: OpenAL initialized.
[08:41:46] [Sound Library Loader/INFO]: Sound engine started
[08:41:52] [Client thread/INFO]: Created: 512x512 textures-atlas
[08:45:48] [Client thread/INFO]: Stopping!
[08:45:48] [Client thread/INFO]: SoundSystem shutting down...
[08:45:48] [Client thread/WARN]: Author: Paul Lamb, www.paulscode.com
